E:\VS2012_DOC\ALGORITHM\ALGORITHM\DEBUG\寻找中项和第K小元素.OBJ
E:\VS2012_DOC\ALGORITHM\ALGORITHM\DEBUG\寻找多数元素.OBJ
E:\VS2012_DOC\ALGORITHM\ALGORITHM\DEBUG\整数幂.OBJ
E:\VS2012_DOC\ALGORITHM\ALGORITHM\DEBUG\最大子数组.OBJ
E:\VS2012_DOC\ALGORITHM\ALGORITHM\DEBUG\最大最小元素.OBJ
E:\VS2012_DOC\ALGORITHM\ALGORITHM\DEBUG\模板.OBJ
E:\VS2012_DOC\ALGORITHM\ALGORITHM\DEBUG\生成排序FIRST.OBJ
E:\VS2012_DOC\ALGORITHM\ALGORITHM\DEBUG\自顶向下合并排序.OBJ
E:\VS2012_DOC\ALGORITHM\ALGORITHM\DEBUG\选择算法.OBJ
E:\VS2012_DOC\ALGORITHM\ALGORITHM\DEBUG\递归选择插入排序.OBJ
E:\VS2012_DOC\ALGORITHM\ALGORITHM\DEBUG\SIFTDOWN堆辅助运算.OBJ
E:\VS2012_DOC\ALGORITHM\ALGORITHM\DEBUG\SIFTUP堆辅助运算.OBJ
E:\VS2012_DOC\ALGORITHM\ALGORITHM\DEBUG\并查集.OBJ
E:\VS2012_DOC\ALGORITHM\ALGORITHM\DEBUG\二分搜索.OBJ
E:\VS2012_DOC\ALGORITHM\ALGORITHM\DEBUG\创建堆及堆排序.OBJ
E:\VS2012_DOC\ALGORITHM\ALGORITHM\DEBUG\堆的插入删除.OBJ
E:\VS2012_DOC\ALGORITHM\ALGORITHM\DEBUG\自底向上合并排序.OBJ
E:\VS2012_DOC\ALGORITHM\ALGORITHM\DEBUG\插入排序.OBJ
E:\VS2012_DOC\ALGORITHM\ALGORITHM\DEBUG\合并.OBJ
E:\VS2012_DOC\ALGORITHM\ALGORITHM\DEBUG\选择排序.OBJ
E:\VS2012_DOC\ALGORITHM\ALGORITHM\DEBUG\三个水桶等分8升水.OBJ
E:\VS2012_DOC\ALGORITHM\ALGORITHM\DEBUG\位图排序.OBJ
E:\VS2012_DOC\ALGORITHM\ALGORITHM\DEBUG\基数排序.OBJ
E:\VS2012_DOC\ALGORITHM\ALGORITHM\DEBUG\塔吊移动模拟数据.OBJ
E:\VS2012_DOC\ALGORITHM\ALGORITHM\DEBUG\多项式求值.OBJ
E:\VS2012_DOC\ALGORITHM\ALGORITHM\DEBUG\VC110.PDB
E:\VS2012_DOC\ALGORITHM\DEBUG\ALGORITHM.ILK
E:\VS2012_DOC\ALGORITHM\DEBUG\ALGORITHM.EXE
E:\VS2012_DOC\ALGORITHM\DEBUG\ALGORITHM.PDB
E:\VS2012_doc\algorithm\algorithm\Debug\Siftdown堆辅助运算.obj
E:\VS2012_doc\algorithm\algorithm\Debug\Siftup堆辅助运算.obj
E:\VS2012_doc\algorithm\algorithm\Debug\三个水桶等分8升水.obj
E:\VS2012_doc\algorithm\algorithm\Debug\二分搜索.obj
E:\VS2012_doc\algorithm\algorithm\Debug\位图排序.obj
E:\VS2012_doc\algorithm\algorithm\Debug\创建堆及堆排序.obj
E:\VS2012_doc\algorithm\algorithm\Debug\合并.obj
E:\VS2012_doc\algorithm\algorithm\Debug\基数排序.obj
E:\VS2012_doc\algorithm\algorithm\Debug\堆的插入删除.obj
E:\VS2012_doc\algorithm\algorithm\Debug\塔吊移动模拟数据.obj
E:\VS2012_doc\algorithm\algorithm\Debug\多项式求值.obj
E:\VS2012_doc\algorithm\algorithm\Debug\寻找中项和第k小元素.obj
E:\VS2012_doc\algorithm\algorithm\Debug\寻找多数元素.obj
E:\VS2012_doc\algorithm\algorithm\Debug\并查集.obj
E:\VS2012_doc\algorithm\algorithm\Debug\插入排序.obj
E:\VS2012_doc\algorithm\algorithm\Debug\整数幂.obj
E:\VS2012_doc\algorithm\algorithm\Debug\最大最小元素.obj
E:\VS2012_doc\algorithm\algorithm\Debug\模板.obj
E:\VS2012_doc\algorithm\algorithm\Debug\生成排序first.obj
E:\VS2012_doc\algorithm\algorithm\Debug\自底向上合并排序.obj
E:\VS2012_doc\algorithm\algorithm\Debug\自顶向下合并排序.obj
E:\VS2012_doc\algorithm\algorithm\Debug\选择排序.obj
E:\VS2012_doc\algorithm\algorithm\Debug\选择算法.obj
E:\VS2012_doc\algorithm\algorithm\Debug\递归选择插入排序.obj
E:\VS2012_doc\algorithm\algorithm\Debug\cl.command.1.tlog
E:\VS2012_doc\algorithm\algorithm\Debug\CL.read.1.tlog
E:\VS2012_doc\algorithm\algorithm\Debug\CL.write.1.tlog
E:\VS2012_doc\algorithm\algorithm\Debug\link-cvtres.read.1.tlog
E:\VS2012_doc\algorithm\algorithm\Debug\link-cvtres.write.1.tlog
E:\VS2012_doc\algorithm\algorithm\Debug\link-rc.read.1.tlog
E:\VS2012_doc\algorithm\algorithm\Debug\link-rc.write.1.tlog
E:\VS2012_doc\algorithm\algorithm\Debug\link.command.1.tlog
E:\VS2012_doc\algorithm\algorithm\Debug\link.read.1.tlog
E:\VS2012_doc\algorithm\algorithm\Debug\link.write.1.tlog
E:\VS2012_doc\algorithm\algorithm\Debug\vc110.idb
E:\VS2012_doc\algorithm\algorithm\Debug\vc110.pdb
E:\VS2012_doc\algorithm\Debug\algorithm.pdb
E:\VS2012_doc\algorithm\Debug\algorithm.exe
E:\VS2012_doc\algorithm\Debug\algorithm.ilk
