项目文件包含 ToolsVersion="14.0" 设置，但此工具集未知或缺失。您可以通过为此工具集安装相应的 .NET Framework 来解决此问题。将项目视为具有 ToolsVersion="4.0" 设置。
  钢条切割.cpp
  选择排序.cpp
  合并.cpp
  插入排序.cpp
  自底向上合并排序.cpp
  堆的插入删除.cpp
  创建堆及堆排序.cpp
  二分搜索.cpp
  并查集.cpp
  Siftup堆辅助运算.cpp
  Siftdown堆辅助运算.cpp
  递归选择插入排序.cpp
  选择算法.cpp
  自顶向下合并排序.cpp
  生成排序first.cpp
  特定字符串解析.cpp
  模板.cpp
  最长公共子序列问题 .cpp
  最近点对问题.cpp
  最大最小元素.cpp
  正在生成代码...
e:\vs2012_doc\algorithm\algorithm\选择算法.cpp(261): warning C4715: “Select”: 不是所有的控件路径都返回值
  正在编译...
  最大子数组.cpp
  整数幂.cpp
  快速排序.cpp
  寻找多数元素.cpp
  寻找中项和第k小元素.cpp
  多项式求值.cpp
  塔吊移动模拟数据.cpp
e:\vs2012_doc\algorithm\algorithm\塔吊移动模拟数据.cpp(46): warning C4244: “+=”: 从“double”转换到“float”，可能丢失数据
e:\vs2012_doc\algorithm\algorithm\塔吊移动模拟数据.cpp(51): warning C4244: “-=”: 从“double”转换到“float”，可能丢失数据
e:\vs2012_doc\algorithm\algorithm\塔吊移动模拟数据.cpp(63): warning C4244: “+=”: 从“double”转换到“float”，可能丢失数据
e:\vs2012_doc\algorithm\algorithm\塔吊移动模拟数据.cpp(72): warning C4244: “-=”: 从“double”转换到“float”，可能丢失数据
e:\vs2012_doc\algorithm\algorithm\塔吊移动模拟数据.cpp(83): warning C4244: “-=”: 从“double”转换到“float”，可能丢失数据
e:\vs2012_doc\algorithm\algorithm\塔吊移动模拟数据.cpp(92): warning C4244: “+=”: 从“double”转换到“float”，可能丢失数据
  基数排序.cpp
  位图排序.cpp
  三个水桶等分8升水.cpp
e:\vs2012_doc\algorithm\algorithm\三个水桶等分8升水.cpp(241): warning C4996: 'scanf': This function or variable may be unsafe. Consider using scanf_s instead. To disable deprecation, use _CRT_SECURE_NO_WARNINGS. See online help for details.
          c:\program files (x86)\microsoft visual studio 11.0\vc\include\stdio.h(290) : 参见“scanf”的声明
e:\vs2012_doc\algorithm\algorithm\三个水桶等分8升水.cpp(248): warning C4996: 'scanf': This function or variable may be unsafe. Consider using scanf_s instead. To disable deprecation, use _CRT_SECURE_NO_WARNINGS. See online help for details.
          c:\program files (x86)\microsoft visual studio 11.0\vc\include\stdio.h(290) : 参见“scanf”的声明
e:\vs2012_doc\algorithm\algorithm\三个水桶等分8升水.cpp(252): warning C4996: 'scanf': This function or variable may be unsafe. Consider using scanf_s instead. To disable deprecation, use _CRT_SECURE_NO_WARNINGS. See online help for details.
          c:\program files (x86)\microsoft visual studio 11.0\vc\include\stdio.h(290) : 参见“scanf”的声明
  CpuInfo.cpp
  正在生成代码...
  algorithm.vcxproj -> E:\VS2012_doc\algorithm\Debug\algorithm.exe
