d:\document\github\algorithm\algorithm\debug\vc140.pdb
d:\document\github\algorithm\algorithm\debug\vc140.idb
d:\document\github\algorithm\algorithm\debug\最长公共子序列问题 .obj
d:\document\github\algorithm\algorithm\debug\模板.obj
d:\document\github\algorithm\algorithm\debug\水陆距离.obj
d:\document\github\algorithm\algorithm\debug\特定字符串解析.obj
d:\document\github\algorithm\algorithm\debug\生成排序first.obj
d:\document\github\algorithm\algorithm\debug\自行车架.obj
d:\document\github\algorithm\algorithm\debug\自顶向下合并排序.obj
d:\document\github\algorithm\algorithm\debug\选择算法.obj
d:\document\github\algorithm\algorithm\debug\递归选择插入排序.obj
d:\document\github\algorithm\algorithm\debug\siftdown堆辅助运算.obj
d:\document\github\algorithm\algorithm\debug\siftup堆辅助运算.obj
d:\document\github\algorithm\algorithm\debug\并查集.obj
d:\document\github\algorithm\algorithm\debug\二分搜索.obj
d:\document\github\algorithm\algorithm\debug\创建堆及堆排序.obj
d:\document\github\algorithm\algorithm\debug\堆的插入删除.obj
d:\document\github\algorithm\algorithm\debug\自底向上合并排序.obj
d:\document\github\algorithm\algorithm\debug\插入排序.obj
d:\document\github\algorithm\algorithm\debug\合并.obj
d:\document\github\algorithm\algorithm\debug\选择排序.obj
d:\document\github\algorithm\algorithm\debug\钢条切割.obj
d:\document\github\algorithm\algorithm\debug\01背包问题.obj
d:\document\github\algorithm\algorithm\debug\cpuinfo.obj
d:\document\github\algorithm\algorithm\debug\test1.obj
d:\document\github\algorithm\algorithm\debug\test2.obj
d:\document\github\algorithm\algorithm\debug\test3.obj
d:\document\github\algorithm\algorithm\debug\test4.obj
d:\document\github\algorithm\algorithm\debug\三个水桶等分8升水.obj
d:\document\github\algorithm\algorithm\debug\位图排序.obj
d:\document\github\algorithm\algorithm\debug\出勤记录i.obj
d:\document\github\algorithm\algorithm\debug\基数排序.obj
d:\document\github\algorithm\algorithm\debug\塔吊移动模拟数据.obj
d:\document\github\algorithm\algorithm\debug\多项式求值.obj
d:\document\github\algorithm\algorithm\debug\寻找中项和第k小元素.obj
d:\document\github\algorithm\algorithm\debug\寻找多数元素.obj
d:\document\github\algorithm\algorithm\debug\快速排序.obj
d:\document\github\algorithm\algorithm\debug\整数幂.obj
d:\document\github\algorithm\algorithm\debug\最大子数组.obj
d:\document\github\algorithm\algorithm\debug\最大最小元素.obj
d:\document\github\algorithm\algorithm\debug\最近点对问题.obj
d:\document\github\algorithm\debug\algorithm.ilk
d:\document\github\algorithm\debug\algorithm.exe
d:\document\github\algorithm\debug\algorithm.pdb
d:\document\github\algorithm\algorithm\debug\algorithm.tlog\cl.command.1.tlog
d:\document\github\algorithm\algorithm\debug\algorithm.tlog\cl.read.1.tlog
d:\document\github\algorithm\algorithm\debug\algorithm.tlog\cl.write.1.tlog
d:\document\github\algorithm\algorithm\debug\algorithm.tlog\link.command.1.tlog
d:\document\github\algorithm\algorithm\debug\algorithm.tlog\link.read.1.tlog
d:\document\github\algorithm\algorithm\debug\algorithm.tlog\link.write.1.tlog
